ERROR - 2026-05-04 16:53:48 --> Error connecting to the database: mysqli_sql_exception: Access denied for user ''@'localhost' (using password: NO) in D:\Bhaskar\ci4\template-setup-skote-admin-ci4-main\vendor\codeigniter4\framework\system\Database\MySQLi\Connection.php:201
Stack trace:
#0 D:\Bhaskar\ci4\template-setup-skote-admin-ci4-main\vendor\codeigniter4\framework\system\Database\MySQLi\Connection.php(201): mysqli->real_connect('localhost', '', Object(SensitiveParameterValue), '', 3306, '', 0)
#1 D:\Bhaskar\ci4\template-setup-skote-admin-ci4-main\vendor\codeigniter4\framework\system\Database\BaseConnection.php(555): CodeIgniter\Database\MySQLi\Connection->connect(false)
#2 D:\Bhaskar\ci4\template-setup-skote-admin-ci4-main\vendor\codeigniter4\framework\system\Database\BaseConnection.php(795): CodeIgniter\Database\BaseConnection->initialize()
#3 D:\Bhaskar\ci4\template-setup-skote-admin-ci4-main\vendor\codeigniter4\framework\system\Database\BaseConnection.php(1706): CodeIgniter\Database\BaseConnection->query('SHOW TABLES FRO...')
#4 D:\Bhaskar\ci4\template-setup-skote-admin-ci4-main\vendor\codeigniter4\framework\system\Database\BaseConnection.php(1726): CodeIgniter\Database\BaseConnection->listTables()
#5 D:\Bhaskar\ci4\template-setup-skote-admin-ci4-main\vendor\codeigniter4\framework\system\Database\MigrationRunner.php(821): CodeIgniter\Database\BaseConnection->tableExists('migrations')
#6 D:\Bhaskar\ci4\template-setup-skote-admin-ci4-main\app\Commands\InitializeDB.php(26): CodeIgniter\Database\MigrationRunner->ensureTable()
#7 D:\Bhaskar\ci4\template-setup-skote-admin-ci4-main\vendor\codeigniter4\framework\system\CLI\Commands.php(130): App\Commands\InitializeDB->__construct(Object(CodeIgniter\Log\Logger), Object(CodeIgniter\CLI\Commands))
#8 D:\Bhaskar\ci4\template-setup-skote-admin-ci4-main\vendor\codeigniter4\framework\system\CLI\Commands.php(51): CodeIgniter\CLI\Commands->discoverCommands()
#9 D:\Bhaskar\ci4\template-setup-skote-admin-ci4-main\vendor\codeigniter4\framework\system\Config\Services.php(178): CodeIgniter\CLI\Commands->__construct()
#10 D:\Bhaskar\ci4\template-setup-skote-admin-ci4-main\vendor\codeigniter4\framework\system\Config\BaseService.php(325): CodeIgniter\Config\Services::commands(false)
#11 D:\Bhaskar\ci4\template-setup-skote-admin-ci4-main\vendor\codeigniter4\framework\system\Config\BaseService.php(264): CodeIgniter\Config\BaseService::__callStatic('commands', Array)
#12 D:\Bhaskar\ci4\template-setup-skote-admin-ci4-main\vendor\codeigniter4\framework\system\Config\Services.php(175): CodeIgniter\Config\BaseService::getSharedInstance('commands')
#13 D:\Bhaskar\ci4\template-setup-skote-admin-ci4-main\vendor\codeigniter4\framework\system\Config\BaseService.php(334): CodeIgniter\Config\Services::commands()
#14 D:\Bhaskar\ci4\template-setup-skote-admin-ci4-main\vendor\codeigniter4\framework\system\Config\BaseService.php(203): CodeIgniter\Config\BaseService::__callStatic('commands', Array)
#15 D:\Bhaskar\ci4\template-setup-skote-admin-ci4-main\vendor\codeigniter4\framework\system\Common.php(1078): CodeIgniter\Config\BaseService::get('commands')
#16 D:\Bhaskar\ci4\template-setup-skote-admin-ci4-main\vendor\codeigniter4\framework\system\CLI\Console.php(47): service('commands')
#17 D:\Bhaskar\ci4\template-setup-skote-admin-ci4-main\vendor\codeigniter4\framework\system\Boot.php(442): CodeIgniter\CLI\Console->run()
#18 D:\Bhaskar\ci4\template-setup-skote-admin-ci4-main\vendor\codeigniter4\framework\system\Boot.php(166): CodeIgniter\Boot::runCommand(Object(CodeIgniter\CLI\Console))
#19 D:\Bhaskar\ci4\template-setup-skote-admin-ci4-main\spark(87): CodeIgniter\Boot::bootSpark(Object(Config\Paths))
#20 {main}

Next CodeIgniter\Database\Exceptions\DatabaseException: Access denied for user ''@'localhost' (using password: NO) in D:\Bhaskar\ci4\template-setup-skote-admin-ci4-main\vendor\codeigniter4\framework\system\Database\MySQLi\Connection.php:231
Stack trace:
#0 D:\Bhaskar\ci4\template-setup-skote-admin-ci4-main\vendor\codeigniter4\framework\system\Database\BaseConnection.php(555): CodeIgniter\Database\MySQLi\Connection->connect(false)
#1 D:\Bhaskar\ci4\template-setup-skote-admin-ci4-main\vendor\codeigniter4\framework\system\Database\BaseConnection.php(795): CodeIgniter\Database\BaseConnection->initialize()
#2 D:\Bhaskar\ci4\template-setup-skote-admin-ci4-main\vendor\codeigniter4\framework\system\Database\BaseConnection.php(1706): CodeIgniter\Database\BaseConnection->query('SHOW TABLES FRO...')
#3 D:\Bhaskar\ci4\template-setup-skote-admin-ci4-main\vendor\codeigniter4\framework\system\Database\BaseConnection.php(1726): CodeIgniter\Database\BaseConnection->listTables()
#4 D:\Bhaskar\ci4\template-setup-skote-admin-ci4-main\vendor\codeigniter4\framework\system\Database\MigrationRunner.php(821): CodeIgniter\Database\BaseConnection->tableExists('migrations')
#5 D:\Bhaskar\ci4\template-setup-skote-admin-ci4-main\app\Commands\InitializeDB.php(26): CodeIgniter\Database\MigrationRunner->ensureTable()
#6 D:\Bhaskar\ci4\template-setup-skote-admin-ci4-main\vendor\codeigniter4\framework\system\CLI\Commands.php(130): App\Commands\InitializeDB->__construct(Object(CodeIgniter\Log\Logger), Object(CodeIgniter\CLI\Commands))
#7 D:\Bhaskar\ci4\template-setup-skote-admin-ci4-main\vendor\codeigniter4\framework\system\CLI\Commands.php(51): CodeIgniter\CLI\Commands->discoverCommands()
#8 D:\Bhaskar\ci4\template-setup-skote-admin-ci4-main\vendor\codeigniter4\framework\system\Config\Services.php(178): CodeIgniter\CLI\Commands->__construct()
#9 D:\Bhaskar\ci4\template-setup-skote-admin-ci4-main\vendor\codeigniter4\framework\system\Config\BaseService.php(325): CodeIgniter\Config\Services::commands(false)
#10 D:\Bhaskar\ci4\template-setup-skote-admin-ci4-main\vendor\codeigniter4\framework\system\Config\BaseService.php(264): CodeIgniter\Config\BaseService::__callStatic('commands', Array)
#11 D:\Bhaskar\ci4\template-setup-skote-admin-ci4-main\vendor\codeigniter4\framework\system\Config\Services.php(175): CodeIgniter\Config\BaseService::getSharedInstance('commands')
#12 D:\Bhaskar\ci4\template-setup-skote-admin-ci4-main\vendor\codeigniter4\framework\system\Config\BaseService.php(334): CodeIgniter\Config\Services::commands()
#13 D:\Bhaskar\ci4\template-setup-skote-admin-ci4-main\vendor\codeigniter4\framework\system\Config\BaseService.php(203): CodeIgniter\Config\BaseService::__callStatic('commands', Array)
#14 D:\Bhaskar\ci4\template-setup-skote-admin-ci4-main\vendor\codeigniter4\framework\system\Common.php(1078): CodeIgniter\Config\BaseService::get('commands')
#15 D:\Bhaskar\ci4\template-setup-skote-admin-ci4-main\vendor\codeigniter4\framework\system\CLI\Console.php(47): service('commands')
#16 D:\Bhaskar\ci4\template-setup-skote-admin-ci4-main\vendor\codeigniter4\framework\system\Boot.php(442): CodeIgniter\CLI\Console->run()
#17 D:\Bhaskar\ci4\template-setup-skote-admin-ci4-main\vendor\codeigniter4\framework\system\Boot.php(166): CodeIgniter\Boot::runCommand(Object(CodeIgniter\CLI\Console))
#18 D:\Bhaskar\ci4\template-setup-skote-admin-ci4-main\spark(87): CodeIgniter\Boot::bootSpark(Object(Config\Paths))
#19 {main}
CRITICAL - 2026-05-04 16:53:48 --> CodeIgniter\Database\Exceptions\DatabaseException: Unable to connect to the database.
Main connection [MySQLi]: Access denied for user ''@'localhost' (using password: NO)
[Method: CLI, Route: serve]
in SYSTEMPATH\Database\BaseConnection.php on line 606.
 1 SYSTEMPATH\Database\BaseConnection.php(795): CodeIgniter\Database\BaseConnection->initialize()
 2 SYSTEMPATH\Database\BaseConnection.php(1706): CodeIgniter\Database\BaseConnection->query('SHOW TABLES FROM ')
 3 SYSTEMPATH\Database\BaseConnection.php(1726): CodeIgniter\Database\BaseConnection->listTables()
 4 SYSTEMPATH\Database\MigrationRunner.php(821): CodeIgniter\Database\BaseConnection->tableExists('migrations')
 5 APPPATH\Commands\InitializeDB.php(26): CodeIgniter\Database\MigrationRunner->ensureTable()
 6 SYSTEMPATH\CLI\Commands.php(130): App\Commands\InitializeDB->__construct(Object(CodeIgniter\Log\Logger), Object(CodeIgniter\CLI\Commands))
 7 SYSTEMPATH\CLI\Commands.php(51): CodeIgniter\CLI\Commands->discoverCommands()
 8 SYSTEMPATH\Config\Services.php(178): CodeIgniter\CLI\Commands->__construct()
 9 SYSTEMPATH\Config\BaseService.php(325): CodeIgniter\Config\Services::commands(false)
10 SYSTEMPATH\Config\BaseService.php(264): CodeIgniter\Config\BaseService::__callStatic('commands', [...])
11 SYSTEMPATH\Config\Services.php(175): CodeIgniter\Config\BaseService::getSharedInstance('commands')
12 SYSTEMPATH\Config\BaseService.php(334): CodeIgniter\Config\Services::commands()
13 SYSTEMPATH\Config\BaseService.php(203): CodeIgniter\Config\BaseService::__callStatic('commands', [])
14 SYSTEMPATH\Common.php(1078): CodeIgniter\Config\BaseService::get('commands')
15 SYSTEMPATH\CLI\Console.php(47): service('commands')
16 SYSTEMPATH\Boot.php(442): CodeIgniter\CLI\Console->run()
17 SYSTEMPATH\Boot.php(166): CodeIgniter\Boot::runCommand(Object(CodeIgniter\CLI\Console))
18 ROOTPATH\spark(87): CodeIgniter\Boot::bootSpark(Object(Config\Paths))
